<?xml version="1.0" encoding="UTF-8"?>
<!-- Generated by org.testng.reporters.JUnitReportReporter -->
<testsuite skipped="0" hostname="DESKTOP-HQ74KQ8" name="com.mavenproject.SampleMavenProj.CheckBox" tests="1" failures="0" timestamp="2019-10-16T09:25:01 IST" time="48.743" errors="0">
  <testcase name="checkBoxTest" time="48.743" classname="com.mavenproject.SampleMavenProj.CheckBox"/>
</testsuite> <!-- com.mavenproject.SampleMavenProj.CheckBox -->
