<?xml version="1.0" encoding="UTF-8"?>
<!-- Generated by org.testng.reporters.JUnitReportReporter -->
<testsuite skipped="0" hostname="DESKTOP-HQ74KQ8" name="com.mavenproject.SampleMavenProj.RadioButton" tests="2" failures="0" timestamp="2019-10-14T20:15:06 IST" time="133.859" errors="0">
  <testcase name="radioButtonTest" time="39.541" classname="com.mavenproject.SampleMavenProj.RadioButton"/>
  <testcase name="radioButtonTest" time="94.318" classname="com.mavenproject.SampleMavenProj.RadioButton"/>
</testsuite> <!-- com.mavenproject.SampleMavenProj.RadioButton -->
