<?xml version="1.0" encoding="UTF-8"?>
<!-- Generated by org.testng.reporters.JUnitReportReporter -->
<testsuite skipped="0" hostname="IBM052-PC06XMR5" name="com.mavenproject.SampleMavenProj.CheckBox" tests="1" failures="0" timestamp="10 Sep 2019 04:32:08 GMT" time="21.457" errors="0">
  <testcase name="checkBoxTest" time="21.457" classname="com.mavenproject.SampleMavenProj.CheckBox"/>
</testsuite> <!-- com.mavenproject.SampleMavenProj.CheckBox -->
