<?xml version="1.0" encoding="UTF-8"?>
<!-- Generated by org.testng.reporters.JUnitReportReporter -->
<testsuite skipped="0" hostname="IBM052-PC06XMR5" name="com.mavenproject.SampleMavenProj.AmzonUsingTestNg" tests="1" failures="0" timestamp="10 Sep 2019 04:32:08 GMT" time="45.232" errors="0">
  <testcase name="amazon" time="45.232" classname="com.mavenproject.SampleMavenProj.AmzonUsingTestNg"/>
</testsuite> <!-- com.mavenproject.SampleMavenProj.AmzonUsingTestNg -->
