<?xml version="1.0" encoding="UTF-8"?>
<!-- Generated by org.testng.reporters.JUnitReportReporter -->
<testsuite skipped="0" hostname="IBM052-PC06XMR5" name="com.mavenproject.SampleMavenProj.HDFCUsingTestNg" tests="1" failures="0" timestamp="10 Sep 2019 03:43:38 GMT" time="7.488" errors="0">
  <testcase name="HDFC" time="7.488" classname="com.mavenproject.SampleMavenProj.HDFCUsingTestNg"/>
</testsuite> <!-- com.mavenproject.SampleMavenProj.HDFCUsingTestNg -->
