<?xml version="1.0" encoding="UTF-8"?>
<!-- Generated by org.testng.reporters.JUnitReportReporter -->
<testsuite skipped="0" hostname="DESKTOP-HQ74KQ8" name="com.mavenproject.SampleMavenProj.PageObjectModel.PageObjectClassExmp" tests="1" failures="0" timestamp="2019-09-11T15:52:07 IST" time="19.983" errors="0">
  <testcase name="Registraion" time="19.983" classname="com.mavenproject.SampleMavenProj.PageObjectModel.PageObjectClassExmp"/>
</testsuite> <!-- com.mavenproject.SampleMavenProj.PageObjectModel.PageObjectClassExmp -->
