<?xml version="1.0" encoding="UTF-8"?>
<!-- Generated by org.testng.reporters.JUnitReportReporter -->
<testsuite skipped="0" hostname="IBM052-PC06XMR5" name="com.mavenproject.SampleMavenProj.linktext" tests="1" failures="0" timestamp="10 Sep 2019 04:32:08 GMT" time="54.897" errors="0">
  <testcase name="linktexttest" time="54.897" classname="com.mavenproject.SampleMavenProj.linktext"/>
</testsuite> <!-- com.mavenproject.SampleMavenProj.linktext -->
