<?xml version="1.0" encoding="UTF-8"?>
<!-- Generated by org.testng.reporters.JUnitReportReporter -->
<testsuite skipped="0" hostname="DESKTOP-HQ74KQ8" name="com.mavenproject.SampleMavenProj.TestNgsample1" tests="3" failures="0" timestamp="2019-12-05T21:05:22 IST" time="0.014" errors="0">
  <testcase name="f" time="0.003" classname="com.mavenproject.SampleMavenProj.TestNgsample1"/>
  <testcase name="a" time="0.008" classname="com.mavenproject.SampleMavenProj.TestNgsample1"/>
  <testcase name="b" time="0.003" classname="com.mavenproject.SampleMavenProj.TestNgsample1"/>
</testsuite> <!-- com.mavenproject.SampleMavenProj.TestNgsample1 -->
