<?xml version="1.0" encoding="UTF-8"?>
<!-- Generated by org.testng.reporters.JUnitReportReporter -->
<testsuite skipped="0" hostname="IBM052-PC06XMR5" name="com.mavenproject.SampleMavenProj.PageObjectModel.PageObjectClassExmp" tests="1" failures="0" timestamp="10 Sep 2019 03:13:41 GMT" time="23.701" errors="0">
  <testcase name="Registraion" time="23.701" classname="com.mavenproject.SampleMavenProj.PageObjectModel.PageObjectClassExmp"/>
</testsuite> <!-- com.mavenproject.SampleMavenProj.PageObjectModel.PageObjectClassExmp -->
