<?xml version="1.0" encoding="UTF-8"?>
<!-- Generated by org.testng.reporters.JUnitReportReporter -->
<testsuite skipped="1" hostname="IBM052-PC06XMR5" name="com.mavenproject.SampleMavenProj.TestNgsample1" tests="3" failures="0" timestamp="26 Aug 2019 14:27:38 GMT" time="0.014" errors="0">
  <testcase name="f" time="0.011" classname="com.mavenproject.SampleMavenProj.TestNgsample1"/>
  <testcase name="b" time="0.003" classname="com.mavenproject.SampleMavenProj.TestNgsample1"/>
  <testcase name="a" classname="com.mavenproject.SampleMavenProj.TestNgsample1">
    <skipped/>
  </testcase> <!-- a -->
</testsuite> <!-- com.mavenproject.SampleMavenProj.TestNgsample1 -->
