<?xml version="1.0" encoding="UTF-8"?>
<!-- Generated by org.testng.reporters.JUnitReportReporter -->
<testsuite skipped="0" hostname="IBM052-PC06XMR5" name="com.mavenproject.SampleMavenProj.BaseTestMaven" tests="1" failures="0" timestamp="26 Aug 2019 14:09:50 GMT" time="0.026" errors="0">
  <testcase name="f" time="0.026" classname="com.mavenproject.SampleMavenProj.BaseTestMaven"/>
</testsuite> <!-- com.mavenproject.SampleMavenProj.BaseTestMaven -->
