<?xml version="1.0" encoding="UTF-8"?>
<!-- Generated by org.testng.reporters.JUnitReportReporter -->
<testsuite skipped="0" hostname="DESKTOP-HQ74KQ8" name="com.mavenproject.SampleMavenProj.TestNgsample1" tests="3" failures="0" timestamp="2019-10-13T11:15:22 IST" time="0.287" errors="0">
  <testcase name="f" time="0.118" classname="com.mavenproject.SampleMavenProj.TestNgsample1"/>
  <testcase name="b" time="0.018" classname="com.mavenproject.SampleMavenProj.TestNgsample1"/>
  <testcase name="a" time="0.151" classname="com.mavenproject.SampleMavenProj.TestNgsample1"/>
</testsuite> <!-- com.mavenproject.SampleMavenProj.TestNgsample1 -->
